#
# There is insufficient memory for the Java Runtime Environment to continue.
# Native memory allocation (malloc) failed to allocate 48176 bytes. Error detail: Chunk::new
# Possible reasons:
#   The system is out of physical RAM or swap space
#   This process is running with CompressedOops enabled, and the Java Heap may be blocking the growth of the native heap
# Possible solutions:
#   Reduce memory load on the system
#   Increase physical memory or swap space
#   Check if swap backing store is full
#   Decrease Java heap size (-Xmx/-Xms)
#   Decrease number of Java threads
#   Decrease Java thread stack sizes (-Xss)
#   Set larger code cache with -XX:ReservedCodeCacheSize=
#   JVM is running with Unscaled Compressed Oops mode in which the Java heap is
#     placed in the first 4GB address space. The Java Heap base address is the
#     maximum limit for the native heap growth. Please use -XX:HeapBaseMinAddress
#     to set the Java Heap base and to place the Java Heap above 4GB virtual address.
# This output file may be truncated or incomplete.
#
#  Out of Memory Error (arena.cpp:168), pid=9856, tid=14652
#
# JRE version: OpenJDK Runtime Environment Temurin-21.0.8+9 (21.0.8+9) (build 21.0.8+9-LTS)
# Java VM: OpenJDK 64-Bit Server VM Temurin-21.0.8+9 (21.0.8+9-LTS, mixed mode, sharing, tiered, compressed oops, compressed class ptrs, parallel gc, windows-amd64)
# No core dump will be written. Minidumps are not enabled by default on client versions of Windows
#

---------------  S U M M A R Y ------------

Command Line: --add-modules=ALL-SYSTEM --add-opens=java.base/java.util=ALL-UNNAMED --add-opens=java.base/java.lang=ALL-UNNAMED --add-opens=java.base/sun.nio.fs=ALL-UNNAMED -Declipse.application=org.eclipse.jdt.ls.core.id1 -Dosgi.bundles.defaultStartLevel=4 -Declipse.product=org.eclipse.jdt.ls.core.product -Djava.import.generatesMetadataFilesAtProjectRoot=false -DDetectVMInstallationsJob.disabled=true -Dfile.encoding=utf8 -XX:+UseParallelGC -XX:GCTimeRatio=4 -XX:AdaptiveSizePolicyWeight=90 -Dsun.zip.disableMemoryMapping=true -Xmx2G -Xms100m -Xlog:disable -javaagent:c:\Users\ADMIN\.vscode\extensions\redhat.java-1.47.0-win32-x64\lombok\lombok-1.18.39-4050.jar -XX:+HeapDumpOnOutOfMemoryError -XX:HeapDumpPath=c:\Users\ADMIN\AppData\Roaming\Code\User\workspaceStorage\c80aba35097c92a10af04e118cae9e12\redhat.java -Daether.dependencyCollector.impl=bf c:\Users\ADMIN\.vscode\extensions\redhat.java-1.47.0-win32-x64\server\plugins\org.eclipse.equinox.launcher_1.7.100.v20251014-1222.jar -configuration c:\Users\ADMIN\AppData\Roaming\Code\User\globalStorage\redhat.java\1.47.0\config_win -data c:\Users\ADMIN\AppData\Roaming\Code\User\workspaceStorage\c80aba35097c92a10af04e118cae9e12\redhat.java\jdt_ws --pipe=\\.\pipe\lsp-9de30263191d1c8ef5f07a2ac3785b11-sock

Host: AMD Ryzen 5 5600H with Radeon Graphics         , 12 cores, 7G,  Windows 11 , 64 bit Build 26100 (10.0.26100.7019)
Time: Thu Nov 20 13:05:58 2025 SE Asia Standard Time elapsed time: 9.284302 seconds (0d 0h 0m 9s)

---------------  T H R E A D  ---------------

Current thread (0x000001c8fd883810):  JavaThread "C2 CompilerThread1" daemon [_thread_in_native, id=14652, stack(0x000000442a800000,0x000000442a900000) (1024K)]


Current CompileTask:
C2:9284  715       4       lombok.patcher.scripts.MethodLevelPatchScript::patch (21 bytes)

Stack: [0x000000442a800000,0x000000442a900000]
Native frames: (J=compiled Java code, j=interpreted, Vv=VM code, C=native code)
V  [jvm.dll+0x6d2449]
V  [jvm.dll+0x8ae341]
V  [jvm.dll+0x8b08be]
V  [jvm.dll+0x8b0fa3]
V  [jvm.dll+0x280c96]
V  [jvm.dll+0xc581d]
V  [jvm.dll+0xc5d53]
V  [jvm.dll+0x5da88a]
V  [jvm.dll+0x1e1229]
V  [jvm.dll+0x249022]
V  [jvm.dll+0x2484af]
V  [jvm.dll+0x1c89ee]
V  [jvm.dll+0x257d4d]
V  [jvm.dll+0x2562ea]
V  [jvm.dll+0x3f2d16]
V  [jvm.dll+0x857e6b]
V  [jvm.dll+0x6d0b0d]
C  [ucrtbase.dll+0x37b0]
C  [KERNEL32.DLL+0x2e8d7]
C  [ntdll.dll+0x8c53c]


---------------  P R O C E S S  ---------------

Threads class SMR info:
_java_thread_list=0x000001c8fd8440b0, length=12, elements={
0x000001c8e25dfaa0, 0x000001c8e4a88f70, 0x000001c8e4a8c0f0, 0x000001c8e4a90fa0,
0x000001c8e4a941b0, 0x000001c8e4a94c00, 0x000001c8e4a95650, 0x000001c8e4a98490,
0x000001c8fc8465d0, 0x000001c8e4b65760, 0x000001c8fcb6ef40, 0x000001c8fd883810
}

Java Threads: ( => current thread )
  0x000001c8e25dfaa0 JavaThread "main"                              [_thread_in_native, id=2500, stack(0x0000004429a00000,0x0000004429b00000) (1024K)]
  0x000001c8e4a88f70 JavaThread "Reference Handler"          daemon [_thread_blocked, id=10124, stack(0x0000004429e00000,0x0000004429f00000) (1024K)]
  0x000001c8e4a8c0f0 JavaThread "Finalizer"                  daemon [_thread_blocked, id=5484, stack(0x0000004429f00000,0x000000442a000000) (1024K)]
  0x000001c8e4a90fa0 JavaThread "Signal Dispatcher"          daemon [_thread_blocked, id=9268, stack(0x000000442a000000,0x000000442a100000) (1024K)]
  0x000001c8e4a941b0 JavaThread "Attach Listener"            daemon [_thread_blocked, id=9208, stack(0x000000442a100000,0x000000442a200000) (1024K)]
  0x000001c8e4a94c00 JavaThread "Service Thread"             daemon [_thread_blocked, id=19432, stack(0x000000442a200000,0x000000442a300000) (1024K)]
  0x000001c8e4a95650 JavaThread "Monitor Deflation Thread"   daemon [_thread_blocked, id=18020, stack(0x000000442a300000,0x000000442a400000) (1024K)]
  0x000001c8e4a98490 JavaThread "C2 CompilerThread0"         daemon [_thread_blocked, id=15008, stack(0x000000442a400000,0x000000442a500000) (1024K)]
  0x000001c8fc8465d0 JavaThread "C1 CompilerThread0"         daemon [_thread_blocked, id=14912, stack(0x000000442a500000,0x000000442a600000) (1024K)]
  0x000001c8e4b65760 JavaThread "Common-Cleaner"             daemon [_thread_blocked, id=22364, stack(0x000000442a600000,0x000000442a700000) (1024K)]
  0x000001c8fcb6ef40 JavaThread "Notification Thread"        daemon [_thread_blocked, id=24992, stack(0x000000442a700000,0x000000442a800000) (1024K)]
=>0x000001c8fd883810 JavaThread "C2 CompilerThread1"         daemon [_thread_in_native, id=14652, stack(0x000000442a800000,0x000000442a900000) (1024K)]
Total: 12

Other Threads:
  0x000001c8e4b96ce0 VMThread "VM Thread"                           [id=16100, stack(0x0000004429d00000,0x0000004429e00000) (1024K)]
  0x000001c8e497ca00 WatcherThread "VM Periodic Task Thread"        [id=19052, stack(0x0000004429c00000,0x0000004429d00000) (1024K)]
  0x000001c8e4b18570 WorkerThread "GC Thread#0"                     [id=10132, stack(0x0000004429b00000,0x0000004429c00000) (1024K)]
Total: 3

Threads with active compile tasks:
C2 CompilerThread1  12815  715       4       lombok.patcher.scripts.MethodLevelPatchScript::patch (21 bytes)
Total: 1

VM state: not at safepoint (normal execution)

VM Mutex/Monitor currently owned by a thread: None

Heap address: 0x0000000080000000, size: 2048 MB, Compressed Oops mode: 32-bit

CDS archive(s) mapped at: [0x000001c880000000-0x000001c880ba0000-0x000001c880ba0000), size 12189696, SharedBaseAddress: 0x000001c880000000, ArchiveRelocationMode: 1.
Compressed class space mapped at: 0x000001c881000000-0x000001c8c1000000, reserved size: 1073741824
Narrow klass base: 0x000001c880000000, Narrow klass shift: 0, Narrow klass range: 0x100000000

GC Precious Log:
 CardTable entry size: 512
 CPUs: 12 total, 12 available
 Memory: 7562M
 Large Page Support: Disabled
 NUMA Support: Disabled
 Compressed Oops: Enabled (32-bit)
 Alignments: Space 512K, Generation 512K, Heap 2M
 Heap Min Capacity: 100M
 Heap Initial Capacity: 100M
 Heap Max Capacity: 2G
 Pre-touch: Disabled
 Parallel Workers: 10

Heap:
 PSYoungGen      total 29696K, used 16473K [0x00000000d5580000, 0x00000000d7680000, 0x0000000100000000)
  eden space 25600K, 64% used [0x00000000d5580000,0x00000000d6596678,0x00000000d6e80000)
  from space 4096K, 0% used [0x00000000d7280000,0x00000000d7280000,0x00000000d7680000)
  to   space 4096K, 0% used [0x00000000d6e80000,0x00000000d6e80000,0x00000000d7280000)
 ParOldGen       total 68608K, used 0K [0x0000000080000000, 0x0000000084300000, 0x00000000d5580000)
  object space 68608K, 0% used [0x0000000080000000,0x0000000080000000,0x0000000084300000)
 Metaspace       used 3152K, committed 3392K, reserved 1114112K
  class space    used 328K, committed 448K, reserved 1048576K

Card table byte_map: [0x000001c8e4490000,0x000001c8e48a0000] _byte_map_base: 0x000001c8e4090000

Marking Bits: (ParMarkBitMap*) 0x00007ffc868da340
 Begin Bits: [0x000001c8f6f90000, 0x000001c8f8f90000)
 End Bits:   [0x000001c8f8f90000, 0x000001c8faf90000)

Polling page: 0x000001c8e2830000

Metaspace:

Usage:
  Non-class:      2.76 MB used.
      Class:    328.73 KB used.
       Both:      3.08 MB used.

Virtual space:
  Non-class space:       64.00 MB reserved,       2.88 MB (  4%) committed,  1 nodes.
      Class space:        1.00 GB reserved,     448.00 KB ( <1%) committed,  1 nodes.
             Both:        1.06 GB reserved,       3.31 MB ( <1%) committed. 

Chunk freelists:
   Non-Class:  11.54 MB
       Class:  15.52 MB
        Both:  27.06 MB

MaxMetaspaceSize: unlimited
CompressedClassSpaceSize: 1.00 GB
Initial GC threshold: 21.00 MB
Current GC threshold: 21.00 MB
CDS: on
 - commit_granule_bytes: 65536.
 - commit_granule_words: 8192.
 - virtual_space_node_default_size: 8388608.
 - enlarge_chunks_in_place: 1.
 - use_allocation_guard: 0.


Internal statistics:

num_allocs_failed_limit: 0.
num_arena_births: 112.
num_arena_deaths: 0.
num_vsnodes_births: 2.
num_vsnodes_deaths: 0.
num_space_committed: 53.
num_space_uncommitted: 0.
num_chunks_returned_to_freelist: 0.
num_chunks_taken_from_freelist: 142.
num_chunk_merges: 0.
num_chunk_splits: 97.
num_chunks_enlarged: 60.
num_inconsistent_stats: 0.

CodeHeap 'non-profiled nmethods': size=120000Kb used=347Kb max_used=347Kb free=119652Kb
 bounds [0x000001c8ef7b0000, 0x000001c8efa20000, 0x000001c8f6ce0000]
CodeHeap 'profiled nmethods': size=120000Kb used=1268Kb max_used=1268Kb free=118731Kb
 bounds [0x000001c8e7ce0000, 0x000001c8e7f50000, 0x000001c8ef210000]
CodeHeap 'non-nmethods': size=5760Kb used=1189Kb max_used=1204Kb free=4570Kb
 bounds [0x000001c8ef210000, 0x000001c8ef480000, 0x000001c8ef7b0000]
CodeCache: size=245760Kb, used=2804Kb, max_used=2819Kb, free=242953Kb
 total_blobs=1277, nmethods=830, adapters=354, full_count=0
Compilation: enabled, stopped_count=0, restarted_count=0

Compilation events (20 events):
Event: 6.164 Thread 0x000001c8fc8465d0  726       3       sun.security.provider.SHA2::implCompress0 (448 bytes)
Event: 6.165 Thread 0x000001c8fc8465d0 nmethod 726 0x000001c8e7def810 code [0x000001c8e7defa60, 0x000001c8e7df0610]
Event: 6.166 Thread 0x000001c8fc8465d0  728       3       sun.security.provider.ByteArrayAccess::b2iBig64 (231 bytes)
Event: 6.170 Thread 0x000001c8fc8465d0 nmethod 728 0x000001c8e7df0d10 code [0x000001c8e7df1560, 0x000001c8e7df60f0]
Event: 6.170 Thread 0x000001c8fc8465d0  729       3       sun.security.provider.SHA2::implCompress (13 bytes)
Event: 6.170 Thread 0x000001c8fd883810  715       4       lombok.patcher.scripts.MethodLevelPatchScript::patch (21 bytes)
Event: 6.171 Thread 0x000001c8fc8465d0 nmethod 729 0x000001c8e7df7590 code [0x000001c8e7df7780, 0x000001c8e7df7bb8]
Event: 6.171 Thread 0x000001c8fc8465d0  730       3       sun.security.provider.SHA2::implCompressCheck (18 bytes)
Event: 6.171 Thread 0x000001c8fc8465d0 nmethod 730 0x000001c8e7df7e10 code [0x000001c8e7df7fe0, 0x000001c8e7df8370]
Event: 6.196 Thread 0x000001c8fc8465d0  735       3       java.util.Arrays::copyOf (10 bytes)
Event: 6.196 Thread 0x000001c8fc8465d0 nmethod 735 0x000001c8e7df8510 code [0x000001c8e7df86c0, 0x000001c8e7df8810]
Event: 6.196 Thread 0x000001c8fc8465d0  737       3       java.lang.ClassLoader::findLoadedClass (15 bytes)
Event: 6.197 Thread 0x000001c8fc8465d0 nmethod 737 0x000001c8e7df8910 code [0x000001c8e7df8ae0, 0x000001c8e7df8cc8]
Event: 6.199 Thread 0x000001c8fc8465d0  738       3       java.lang.invoke.MethodType::parameterSlotCount (8 bytes)
Event: 6.199 Thread 0x000001c8fc8465d0 nmethod 738 0x000001c8e7df8d90 code [0x000001c8e7df8f20, 0x000001c8e7df9050]
Event: 6.225 Thread 0x000001c8fc8465d0  741       3       java.lang.invoke.LambdaForm::internArgument (85 bytes)
Event: 6.226 Thread 0x000001c8fc8465d0 nmethod 741 0x000001c8e7df9110 code [0x000001c8e7df92e0, 0x000001c8e7df9628]
Event: 6.230 Thread 0x000001c8fc8465d0  742       1       jdk.internal.loader.BuiltinClassLoader$LoadedModule::loader (5 bytes)
Event: 6.230 Thread 0x000001c8fc8465d0 nmethod 742 0x000001c8ef7f9590 code [0x000001c8ef7f9720, 0x000001c8ef7f97e8]
Event: 9.275 Thread 0x000001c8e4a98490 nmethod 716 0x000001c8ef7f9890 code [0x000001c8ef7f9b00, 0x000001c8ef7fabf8]

GC Heap History (0 events):
No events

Dll operation events (8 events):
Event: 0.453 Loaded shared library c:\Users\ADMIN\.vscode\extensions\redhat.java-1.47.0-win32-x64\jre\21.0.8-win32-x86_64\bin\java.dll
Event: 1.083 Loaded shared library c:\Users\ADMIN\.vscode\extensions\redhat.java-1.47.0-win32-x64\jre\21.0.8-win32-x86_64\bin\zip.dll
Event: 1.275 Loaded shared library C:\Users\ADMIN\.vscode\extensions\redhat.java-1.47.0-win32-x64\jre\21.0.8-win32-x86_64\bin\instrument.dll
Event: 1.418 Loaded shared library C:\Users\ADMIN\.vscode\extensions\redhat.java-1.47.0-win32-x64\jre\21.0.8-win32-x86_64\bin\net.dll
Event: 1.490 Loaded shared library C:\Users\ADMIN\.vscode\extensions\redhat.java-1.47.0-win32-x64\jre\21.0.8-win32-x86_64\bin\nio.dll
Event: 1.530 Loaded shared library C:\Users\ADMIN\.vscode\extensions\redhat.java-1.47.0-win32-x64\jre\21.0.8-win32-x86_64\bin\zip.dll
Event: 1.818 Loaded shared library C:\Users\ADMIN\.vscode\extensions\redhat.java-1.47.0-win32-x64\jre\21.0.8-win32-x86_64\bin\jimage.dll
Event: 2.809 Loaded shared library c:\Users\ADMIN\.vscode\extensions\redhat.java-1.47.0-win32-x64\jre\21.0.8-win32-x86_64\bin\verify.dll

Deoptimization events (20 events):
Event: 5.629 Thread 0x000001c8e25dfaa0 Uncommon trap: trap_request=0xffffff45 fr.pc=0x000001c8ef7d2574 relative=0x00000000000000d4
Event: 5.629 Thread 0x000001c8e25dfaa0 Uncommon trap: reason=unstable_if action=reinterpret pc=0x000001c8ef7d2574 method=java.net.URI.match(CJJ)Z @ 45 c2
Event: 5.629 Thread 0x000001c8e25dfaa0 DEOPT PACKING pc=0x000001c8ef7d2574 sp=0x0000004429afce40
Event: 5.629 Thread 0x000001c8e25dfaa0 DEOPT UNPACKING pc=0x000001c8ef263aa2 sp=0x0000004429afcda8 mode 2
Event: 5.977 Thread 0x000001c8e25dfaa0 Uncommon trap: trap_request=0xffffff45 fr.pc=0x000001c8ef7d0d1c relative=0x000000000000017c
Event: 5.977 Thread 0x000001c8e25dfaa0 Uncommon trap: reason=unstable_if action=reinterpret pc=0x000001c8ef7d0d1c method=java.lang.StringUTF16.compress([CI[BII)I @ 20 c2
Event: 5.977 Thread 0x000001c8e25dfaa0 DEOPT PACKING pc=0x000001c8ef7d0d1c sp=0x0000004429afb8b0
Event: 5.977 Thread 0x000001c8e25dfaa0 DEOPT UNPACKING pc=0x000001c8ef263aa2 sp=0x0000004429afb820 mode 2
Event: 6.064 Thread 0x000001c8e25dfaa0 DEOPT PACKING pc=0x000001c8e7ddb404 sp=0x0000004429afd4b0
Event: 6.064 Thread 0x000001c8e25dfaa0 DEOPT UNPACKING pc=0x000001c8ef264242 sp=0x0000004429afc908 mode 0
Event: 6.064 Thread 0x000001c8e25dfaa0 DEOPT PACKING pc=0x000001c8e7ddb404 sp=0x0000004429afd4b0
Event: 6.064 Thread 0x000001c8e25dfaa0 DEOPT UNPACKING pc=0x000001c8ef264242 sp=0x0000004429afc908 mode 0
Event: 6.064 Thread 0x000001c8e25dfaa0 DEOPT PACKING pc=0x000001c8e7ddb404 sp=0x0000004429afd5d0
Event: 6.064 Thread 0x000001c8e25dfaa0 DEOPT UNPACKING pc=0x000001c8ef264242 sp=0x0000004429afca28 mode 0
Event: 6.064 Thread 0x000001c8e25dfaa0 DEOPT PACKING pc=0x000001c8e7ddb404 sp=0x0000004429afd5d0
Event: 6.064 Thread 0x000001c8e25dfaa0 DEOPT UNPACKING pc=0x000001c8ef264242 sp=0x0000004429afca28 mode 0
Event: 6.095 Thread 0x000001c8e25dfaa0 Uncommon trap: trap_request=0xffffff6e fr.pc=0x000001c8ef7f5b1c relative=0x00000000000001fc
Event: 6.095 Thread 0x000001c8e25dfaa0 Uncommon trap: reason=loop_limit_check action=maybe_recompile pc=0x000001c8ef7f5b1c method=java.math.BigInteger.implMulAdd([I[IIII)I @ 26 c2
Event: 6.095 Thread 0x000001c8e25dfaa0 DEOPT PACKING pc=0x000001c8ef7f5b1c sp=0x0000004429afd6a0
Event: 6.095 Thread 0x000001c8e25dfaa0 DEOPT UNPACKING pc=0x000001c8ef263aa2 sp=0x0000004429afd5f0 mode 2

Classes loaded (20 events):
Event: 6.188 Loading class java/net/URISyntaxException
Event: 6.188 Loading class java/net/URISyntaxException done
Event: 6.188 Loading class java/lang/SecurityException
Event: 6.188 Loading class java/lang/SecurityException done
Event: 6.188 Loading class java/security/Policy
Event: 6.193 Loading class java/security/Policy done
Event: 6.198 Loading class java/nio/file/attribute/PosixFilePermissions
Event: 6.198 Loading class java/nio/file/attribute/PosixFilePermissions done
Event: 6.198 Loading class java/nio/file/attribute/PosixFilePermission
Event: 6.198 Loading class java/nio/file/attribute/PosixFilePermission done
Event: 6.199 Loading class java/lang/Thread$ThreadNumbering
Event: 6.224 Loading class java/lang/Thread$ThreadNumbering done
Event: 6.231 Loading class java/net/URL$ThreadTrackHolder
Event: 6.233 Loading class java/net/URL$ThreadTrackHolder done
Event: 6.233 Loading class java/net/URL$2
Event: 6.233 Loading class java/net/URL$2 done
Event: 6.233 Loading class java/net/URL$1
Event: 6.233 Loading class java/net/URL$1 done
Event: 6.233 Loading class java/net/spi/URLStreamHandlerProvider
Event: 6.233 Loading class java/net/spi/URLStreamHandlerProvider done

Classes unloaded (0 events):
No events

Classes redefined (0 events):
No events

Internal exceptions (13 events):
Event: 1.011 Thread 0x000001c8e25dfaa0 Exception <a 'java/lang/NoSuchMethodError'{0x00000000d57aa328}: 'void java.lang.invoke.DirectMethodHandle$Holder.invokeStatic(java.lang.Object, java.lang.Object, java.lang.Object)'> (0x00000000d57aa328) 
thrown [s\src\hotspot\share\interpreter\linkResolver.cpp, line 773]
Event: 1.576 Thread 0x000001c8e25dfaa0 Exception <a 'java/lang/NoSuchMethodError'{0x00000000d5912ab0}: 'java.lang.Object java.lang.invoke.Invokers$Holder.invokeExact_MT(java.lang.Object, java.lang.Object, java.lang.Object, java.lang.Object, java.lang.Object)'> (0x00000000d5912ab0) 
thrown [s\src\hotspot\share\interpreter\linkResolver.cpp, line 773]
Event: 2.413 Thread 0x000001c8e25dfaa0 Exception <a 'java/lang/NoSuchMethodError'{0x00000000d59cbe10}: 'int java.lang.invoke.DirectMethodHandle$Holder.invokeSpecial(java.lang.Object, java.lang.Object, java.lang.Object, int)'> (0x00000000d59cbe10) 
thrown [s\src\hotspot\share\interpreter\linkResolver.cpp, line 773]
Event: 2.417 Thread 0x000001c8e25dfaa0 Exception <a 'java/lang/NoSuchMethodError'{0x00000000d59de7f8}: 'java.lang.Object java.lang.invoke.DirectMethodHandle$Holder.invokeStatic(java.lang.Object, java.lang.Object, java.lang.Object, java.lang.Object, int)'> (0x00000000d59de7f8) 
thrown [s\src\hotspot\share\interpreter\linkResolver.cpp, line 773]
Event: 2.420 Thread 0x000001c8e25dfaa0 Exception <a 'java/lang/NoSuchMethodError'{0x00000000d59e9c38}: 'void java.lang.invoke.DelegatingMethodHandle$Holder.reinvoke_L(java.lang.Object, java.lang.Object, java.lang.Object, int, java.lang.Object)'> (0x00000000d59e9c38) 
thrown [s\src\hotspot\share\interpreter\linkResolver.cpp, line 773]
Event: 2.425 Thread 0x000001c8e25dfaa0 Exception <a 'java/lang/NoSuchMethodError'{0x00000000d59fa588}: 'int java.lang.invoke.DirectMethodHandle$Holder.invokeSpecial(java.lang.Object, java.lang.Object, java.lang.Object)'> (0x00000000d59fa588) 
thrown [s\src\hotspot\share\interpreter\linkResolver.cpp, line 773]
Event: 2.428 Thread 0x000001c8e25dfaa0 Exception <a 'java/lang/NoSuchMethodError'{0x00000000d5a06248}: 'java.lang.Object java.lang.invoke.DirectMethodHandle$Holder.invokeStatic(java.lang.Object, java.lang.Object, int)'> (0x00000000d5a06248) 
thrown [s\src\hotspot\share\interpreter\linkResolver.cpp, line 773]
Event: 2.429 Thread 0x000001c8e25dfaa0 Exception <a 'java/lang/NoSuchMethodError'{0x00000000d5a0ab98}: 'void java.lang.invoke.DirectMethodHandle$Holder.invokeStatic(java.lang.Object, java.lang.Object, int, java.lang.Object)'> (0x00000000d5a0ab98) 
thrown [s\src\hotspot\share\interpreter\linkResolver.cpp, line 773]
Event: 2.431 Thread 0x000001c8e25dfaa0 Exception <a 'java/lang/NoSuchMethodError'{0x00000000d5a0e728}: 'void java.lang.invoke.DirectMethodHandle$Holder.invokeSpecial(java.lang.Object, java.lang.Object, java.lang.Object, int, java.lang.Object)'> (0x00000000d5a0e728) 
thrown [s\src\hotspot\share\interpreter\linkResolver.cpp, line 773]
Event: 2.432 Thread 0x000001c8e25dfaa0 Exception <a 'java/lang/NoSuchMethodError'{0x00000000d5a11b98}: 'void java.lang.invoke.DelegatingMethodHandle$Holder.delegate(java.lang.Object, java.lang.Object, int, java.lang.Object)'> (0x00000000d5a11b98) 
thrown [s\src\hotspot\share\interpreter\linkResolver.cpp, line 773]
Event: 3.059 Thread 0x000001c8e25dfaa0 Exception <a 'java/lang/NoSuchMethodError'{0x00000000d5bd1b20}: 'void java.lang.invoke.DelegatingMethodHandle$Holder.reinvoke_L(java.lang.Object, java.lang.Object, java.lang.Object, int)'> (0x00000000d5bd1b20) 
thrown [s\src\hotspot\share\interpreter\linkResolver.cpp, line 773]
Event: 5.516 Thread 0x000001c8e25dfaa0 Exception <a 'java/lang/NoSuchMethodError'{0x00000000d605d9f0}: 'void java.lang.invoke.DirectMethodHandle$Holder.invokeVirtual(java.lang.Object, java.lang.Object)'> (0x00000000d605d9f0) 
thrown [s\src\hotspot\share\interpreter\linkResolver.cpp, line 773]
Event: 6.225 Thread 0x000001c8e25dfaa0 Exception <a 'java/lang/NoSuchMethodError'{0x00000000d642fd30}: 'void java.lang.invoke.DirectMethodHandle$Holder.invokeStatic(java.lang.Object, java.lang.Object)'> (0x00000000d642fd30) 
thrown [s\src\hotspot\share\interpreter\linkResolver.cpp, line 773]

ZGC Phase Switch (0 events):
No events

VM Operations (20 events):
Event: 1.043 Executing VM operation: HandshakeAllThreads (Deoptimize)
Event: 1.043 Executing VM operation: HandshakeAllThreads (Deoptimize) done
Event: 2.052 Executing VM operation: Cleanup
Event: 2.084 Executing VM operation: Cleanup done
Event: 2.091 Executing VM operation: HandshakeAllThreads (Deoptimize)
Event: 2.091 Executing VM operation: HandshakeAllThreads (Deoptimize) done
Event: 3.095 Executing VM operation: Cleanup
Event: 3.095 Executing VM operation: Cleanup done
Event: 4.105 Executing VM operation: Cleanup
Event: 4.105 Executing VM operation: Cleanup done
Event: 5.119 Executing VM operation: Cleanup
Event: 5.119 Executing VM operation: Cleanup done
Event: 6.126 Executing VM operation: Cleanup
Event: 6.141 Executing VM operation: Cleanup done
Event: 6.157 Executing VM operation: HandshakeAllThreads (Deoptimize)
Event: 6.157 Executing VM operation: HandshakeAllThreads (Deoptimize) done
Event: 6.196 Executing VM operation: HandshakeAllThreads (Deoptimize)
Event: 6.196 Executing VM operation: HandshakeAllThreads (Deoptimize) done
Event: 7.203 Executing VM operation: Cleanup
Event: 7.265 Executing VM operation: Cleanup done

Memory protections (0 events):
No events

Nmethod flushes (0 events):
No events

Events (14 events):
Event: 0.681 Thread 0x000001c8e25dfaa0 Thread added: 0x000001c8e25dfaa0
Event: 0.866 Thread 0x000001c8e25dfaa0 Thread added: 0x000001c8e4a88f70
Event: 0.867 Thread 0x000001c8e25dfaa0 Thread added: 0x000001c8e4a8c0f0
Event: 0.867 Thread 0x000001c8e25dfaa0 Thread added: 0x000001c8e4a90fa0
Event: 0.867 Thread 0x000001c8e25dfaa0 Thread added: 0x000001c8e4a941b0
Event: 0.867 Thread 0x000001c8e25dfaa0 Thread added: 0x000001c8e4a94c00
Event: 0.867 Thread 0x000001c8e25dfaa0 Thread added: 0x000001c8e4a95650
Event: 0.868 Thread 0x000001c8e25dfaa0 Thread added: 0x000001c8e4a98490
Event: 0.870 Thread 0x000001c8e25dfaa0 Thread added: 0x000001c8fc8465d0
Event: 0.997 Thread 0x000001c8e25dfaa0 Thread added: 0x000001c8e4b65760
Event: 3.821 Thread 0x000001c8e25dfaa0 Thread added: 0x000001c8fcb6ef40
Event: 5.695 Thread 0x000001c8fc8465d0 Thread added: 0x000001c8fd92a420
Event: 5.978 Thread 0x000001c8fd92a420 Thread exited: 0x000001c8fd92a420
Event: 6.170 Thread 0x000001c8fc8465d0 Thread added: 0x000001c8fd883810


Dynamic libraries:
0x00007ff64bd10000 - 0x00007ff64bd1e000 	c:\Users\ADMIN\.vscode\extensions\redhat.java-1.47.0-win32-x64\jre\21.0.8-win32-x86_64\bin\java.exe
0x00007ffd26020000 - 0x00007ffd26288000 	C:\WINDOWS\SYSTEM32\ntdll.dll
0x00007ffd24170000 - 0x00007ffd24239000 	C:\WINDOWS\System32\KERNEL32.DLL
0x00007ffd239c0000 - 0x00007ffd23db8000 	C:\WINDOWS\System32\KERNELBASE.dll
0x00007ffd23580000 - 0x00007ffd236cb000 	C:\WINDOWS\System32\ucrtbase.dll
0x00007ffd1b8f0000 - 0x00007ffd1b908000 	c:\Users\ADMIN\.vscode\extensions\redhat.java-1.47.0-win32-x64\jre\21.0.8-win32-x86_64\bin\jli.dll
0x00007ffd23dc0000 - 0x00007ffd23f87000 	C:\WINDOWS\System32\USER32.dll
0x00007ffd23760000 - 0x00007ffd23787000 	C:\WINDOWS\System32\win32u.dll
0x00007ffd24420000 - 0x00007ffd2444b000 	C:\WINDOWS\System32\GDI32.dll
0x00007ffd23170000 - 0x00007ffd2329c000 	C:\WINDOWS\System32\gdi32full.dll
0x00007ffd23790000 - 0x00007ffd23833000 	C:\WINDOWS\System32\msvcp_win.dll
0x00007ffd1b600000 - 0x00007ffd1b61e000 	c:\Users\ADMIN\.vscode\extensions\redhat.java-1.47.0-win32-x64\jre\21.0.8-win32-x86_64\bin\VCRUNTIME140.dll
0x00007ffd0ef30000 - 0x00007ffd0f1c4000 	C:\WINDOWS\WinSxS\amd64_microsoft.windows.common-controls_6595b64144ccf1df_6.0.26100.7019_none_3e06ffa0e335b8a8\COMCTL32.dll
0x00007ffd25e70000 - 0x00007ffd25f19000 	C:\WINDOWS\System32\msvcrt.dll
0x00007ffd24040000 - 0x00007ffd24071000 	C:\WINDOWS\System32\IMM32.DLL
0x00007ffd00e40000 - 0x00007ffd00f32000 	C:\Program Files\Windhawk\Engine\1.6.1\64\windhawk.dll
0x00007ffd244e0000 - 0x00007ffd24594000 	C:\WINDOWS\System32\ADVAPI32.dll
0x00007ffd23f90000 - 0x00007ffd24036000 	C:\WINDOWS\System32\sechost.dll
0x00007ffd25300000 - 0x00007ffd25418000 	C:\WINDOWS\System32\RPCRT4.dll
0x00007ffd1b5f0000 - 0x00007ffd1b5fc000 	c:\Users\ADMIN\.vscode\extensions\redhat.java-1.47.0-win32-x64\jre\21.0.8-win32-x86_64\bin\vcruntime140_1.dll
0x00007ffcab3a0000 - 0x00007ffcab42d000 	c:\Users\ADMIN\.vscode\extensions\redhat.java-1.47.0-win32-x64\jre\21.0.8-win32-x86_64\bin\msvcp140.dll
0x00007ffc85c20000 - 0x00007ffc869b7000 	c:\Users\ADMIN\.vscode\extensions\redhat.java-1.47.0-win32-x64\jre\21.0.8-win32-x86_64\bin\server\jvm.dll
0x00007ffd24ed0000 - 0x00007ffd24f44000 	C:\WINDOWS\System32\WS2_32.dll
0x00007ffd22fd0000 - 0x00007ffd2302e000 	C:\WINDOWS\SYSTEM32\POWRPROF.dll
0x00007ffd1c140000 - 0x00007ffd1c175000 	C:\WINDOWS\SYSTEM32\WINMM.dll
0x00007ffd1c180000 - 0x00007ffd1c18b000 	C:\WINDOWS\SYSTEM32\VERSION.dll
0x00007ffd22fb0000 - 0x00007ffd22fc4000 	C:\WINDOWS\SYSTEM32\UMPDC.dll
0x00007ffd21f30000 - 0x00007ffd21f4b000 	C:\WINDOWS\SYSTEM32\kernel.appcore.dll
0x00007ffd168a0000 - 0x00007ffd168aa000 	c:\Users\ADMIN\.vscode\extensions\redhat.java-1.47.0-win32-x64\jre\21.0.8-win32-x86_64\bin\jimage.dll
0x00007ffd15ba0000 - 0x00007ffd15de2000 	C:\WINDOWS\SYSTEM32\DBGHELP.DLL
0x00007ffd245a0000 - 0x00007ffd2492b000 	C:\WINDOWS\System32\combase.dll
0x00007ffd25220000 - 0x00007ffd252f7000 	C:\WINDOWS\System32\OLEAUT32.dll
0x00007ffcfae10000 - 0x00007ffcfae4c000 	C:\WINDOWS\SYSTEM32\dbgcore.DLL
0x00007ffd23410000 - 0x00007ffd234b5000 	C:\WINDOWS\System32\bcryptPrimitives.dll
0x00007ffd1bdb0000 - 0x00007ffd1bdbf000 	c:\Users\ADMIN\.vscode\extensions\redhat.java-1.47.0-win32-x64\jre\21.0.8-win32-x86_64\bin\instrument.dll
0x00007ffd115d0000 - 0x00007ffd115ef000 	c:\Users\ADMIN\.vscode\extensions\redhat.java-1.47.0-win32-x64\jre\21.0.8-win32-x86_64\bin\java.dll
0x00007ffd25570000 - 0x00007ffd25cbf000 	C:\WINDOWS\System32\SHELL32.dll
0x00007ffd232a0000 - 0x00007ffd2340b000 	C:\WINDOWS\System32\wintypes.dll
0x00007ffd20d70000 - 0x00007ffd215cd000 	C:\WINDOWS\SYSTEM32\windows.storage.dll
0x00007ffd25420000 - 0x00007ffd25512000 	C:\WINDOWS\System32\SHCORE.dll
0x00007ffd24100000 - 0x00007ffd24167000 	C:\WINDOWS\System32\shlwapi.dll
0x00007ffd23090000 - 0x00007ffd230b9000 	C:\WINDOWS\SYSTEM32\profapi.dll
0x00007ffd11620000 - 0x00007ffd11638000 	c:\Users\ADMIN\.vscode\extensions\redhat.java-1.47.0-win32-x64\jre\21.0.8-win32-x86_64\bin\zip.dll
0x00007ffd115f0000 - 0x00007ffd11600000 	C:\Users\ADMIN\.vscode\extensions\redhat.java-1.47.0-win32-x64\jre\21.0.8-win32-x86_64\bin\net.dll
0x00007ffd19a40000 - 0x00007ffd19b68000 	C:\WINDOWS\SYSTEM32\WINHTTP.dll
0x00007ffd224a0000 - 0x00007ffd2250b000 	C:\WINDOWS\system32\mswsock.dll
0x00007ffd0f4c0000 - 0x00007ffd0f4d6000 	C:\Users\ADMIN\.vscode\extensions\redhat.java-1.47.0-win32-x64\jre\21.0.8-win32-x86_64\bin\nio.dll
0x00007ffd13910000 - 0x00007ffd13920000 	c:\Users\ADMIN\.vscode\extensions\redhat.java-1.47.0-win32-x64\jre\21.0.8-win32-x86_64\bin\verify.dll

JVMTI agents:
c:\Users\ADMIN\.vscode\extensions\redhat.java-1.47.0-win32-x64\lombok\lombok-1.18.39-4050.jar path:c:\Users\ADMIN\.vscode\extensions\redhat.java-1.47.0-win32-x64\jre\21.0.8-win32-x86_64\bin\instrument.dll, loaded, initialized, instrumentlib options:none

dbghelp: loaded successfully - version: 4.0.5 - missing functions: none
symbol engine: initialized successfully - sym options: 0x614 - pdb path: .;c:\Users\ADMIN\.vscode\extensions\redhat.java-1.47.0-win32-x64\jre\21.0.8-win32-x86_64\bin;C:\WINDOWS\SYSTEM32;C:\WINDOWS\WinSxS\amd64_microsoft.windows.common-controls_6595b64144ccf1df_6.0.26100.7019_none_3e06ffa0e335b8a8;C:\Program Files\Windhawk\Engine\1.6.1\64;c:\Users\ADMIN\.vscode\extensions\redhat.java-1.47.0-win32-x64\jre\21.0.8-win32-x86_64\bin\server

VM Arguments:
jvm_args: --add-modules=ALL-SYSTEM --add-opens=java.base/java.util=ALL-UNNAMED --add-opens=java.base/java.lang=ALL-UNNAMED --add-opens=java.base/sun.nio.fs=ALL-UNNAMED -Declipse.application=org.eclipse.jdt.ls.core.id1 -Dosgi.bundles.defaultStartLevel=4 -Declipse.product=org.eclipse.jdt.ls.core.product -Djava.import.generatesMetadataFilesAtProjectRoot=false -DDetectVMInstallationsJob.disabled=true -Dfile.encoding=utf8 -XX:+UseParallelGC -XX:GCTimeRatio=4 -XX:AdaptiveSizePolicyWeight=90 -Dsun.zip.disableMemoryMapping=true -Xmx2G -Xms100m -Xlog:disable -javaagent:c:\Users\ADMIN\.vscode\extensions\redhat.java-1.47.0-win32-x64\lombok\lombok-1.18.39-4050.jar -XX:+HeapDumpOnOutOfMemoryError -XX:HeapDumpPath=c:\Users\ADMIN\AppData\Roaming\Code\User\workspaceStorage\c80aba35097c92a10af04e118cae9e12\redhat.java -Daether.dependencyCollector.impl=bf 
java_command: c:\Users\ADMIN\.vscode\extensions\redhat.java-1.47.0-win32-x64\server\plugins\org.eclipse.equinox.launcher_1.7.100.v20251014-1222.jar -configuration c:\Users\ADMIN\AppData\Roaming\Code\User\globalStorage\redhat.java\1.47.0\config_win -data c:\Users\ADMIN\AppData\Roaming\Code\User\workspaceStorage\c80aba35097c92a10af04e118cae9e12\redhat.java\jdt_ws --pipe=\\.\pipe\lsp-9de30263191d1c8ef5f07a2ac3785b11-sock
java_class_path (initial): c:\Users\ADMIN\.vscode\extensions\redhat.java-1.47.0-win32-x64\server\plugins\org.eclipse.equinox.launcher_1.7.100.v20251014-1222.jar
Launcher Type: SUN_STANDARD

[Global flags]
    uintx AdaptiveSizePolicyWeight                 = 90                                        {product} {command line}
     intx CICompilerCount                          = 4                                         {product} {ergonomic}
    uintx GCTimeRatio                              = 4                                         {product} {command line}
     bool HeapDumpOnOutOfMemoryError               = true                                   {manageable} {command line}
    ccstr HeapDumpPath                             = c:\Users\ADMIN\AppData\Roaming\Code\User\workspaceStorage\c80aba35097c92a10af04e118cae9e12\redhat.java         {manageable} {command line}
   size_t InitialHeapSize                          = 104857600                                 {product} {command line}
   size_t MaxHeapSize                              = 2147483648                                {product} {command line}
   size_t MaxNewSize                               = 715653120                                 {product} {ergonomic}
   size_t MinHeapDeltaBytes                        = 524288                                    {product} {ergonomic}
   size_t MinHeapSize                              = 104857600                                 {product} {command line}
   size_t NewSize                                  = 34603008                                  {product} {ergonomic}
    uintx NonNMethodCodeHeapSize                   = 5839372                                {pd product} {ergonomic}
    uintx NonProfiledCodeHeapSize                  = 122909434                              {pd product} {ergonomic}
   size_t OldSize                                  = 70254592                                  {product} {ergonomic}
    uintx ProfiledCodeHeapSize                     = 122909434                              {pd product} {ergonomic}
    uintx ReservedCodeCacheSize                    = 251658240                              {pd product} {ergonomic}
     bool SegmentedCodeCache                       = true                                      {product} {ergonomic}
   size_t SoftMaxHeapSize                          = 2147483648                             {manageable} {ergonomic}
     bool UseCompressedOops                        = true                           {product lp64_product} {ergonomic}
     bool UseLargePagesIndividualAllocation        = false                                  {pd product} {ergonomic}
     bool UseParallelGC                            = true                                      {product} {command line}

Logging:
Log output configuration:
 #0: stdout all=off uptime,level,tags foldmultilines=false
 #1: stderr all=off uptime,level,tags foldmultilines=false

Environment Variables:
JAVA_HOME=C:\Program Files\Eclipse Adoptium\jdk-17.0.16.8-hotspot
PATH=C:\Program Files\Eclipse Adoptium\jdk-17.0.16.8-hotspot\bin;C:\Program Files\Eclipse Adoptium\jdk-11.0.28.6-hotspot\bin;C:\WINDOWS\system32;C:\WINDOWS;C:\WINDOWS\System32\Wbem;C:\WINDOWS\System32\WindowsPowerShell\v1.0\;C:\WINDOWS\System32\OpenSSH\;C:\Program Files\nodejs\;C:\Program Files\Git\cmd;C:\Program Files\Eclipse Adoptium\jdk-17.0.16.8-hotspot\bin;C:\Users\ADMIN\AppData\Local\Android\Sdk\emulator;C:\Users\ADMIN\AppData\Local\Android\Sdk\platform-tools;C:\Program Files\Microsoft SQL Server\150\Tools\Binn\;C:\Program Files\Microsoft SQL Server\Client SDK\ODBC\170\Tools\Binn\;C:\Program Files\dotnet\;C:\Program Files (x86)\Microsoft SQL Server\160\Tools\Binn\;C:\Program Files\Microsoft SQL Server\160\Tools\Binn\;C:\Program Files\Microsoft SQL Server\160\DTS\Binn\;C:\Program Files\Microsoft SQL Server\170\DTS\Binn\;C:\Users\ADMIN\AppData\Local\Microsoft\WindowsApps;C:\Users\ADMIN\AppData\Local\Programs\Microsoft VS Code\bin;C:\Users\ADMIN\AppData\Roaming\npm;C:\Users\ADMIN\AppData\Local\Android\Sdk\platform-tools;C:\flutter_windows_3.35.4-stable\flutter\bin;C:\Program Files\Git\bin;C:\Users\ADMIN\AppData\Local\Pub\Cache\bin;C:\Users\ADMIN\AppData\Local\PowerToys\;C:\Users\ADMIN\.dotnet\tools
USERNAME=ADMIN
OS=Windows_NT
PROCESSOR_IDENTIFIER=AMD64 Family 25 Model 80 Stepping 0, AuthenticAMD
TMP=C:\Users\ADMIN\AppData\Local\Temp
TEMP=C:\Users\ADMIN\AppData\Local\Temp




Periodic native trim disabled

---------------  S Y S T E M  ---------------

OS:
 Windows 11 , 64 bit Build 26100 (10.0.26100.7019)
OS uptime: 3 days 21:22 hours
Hyper-V role detected

CPU: total 12 (initial active 12) (12 cores per cpu, 2 threads per core) family 25 model 80 stepping 0 microcode 0xa50000c, cx8, cmov, fxsr, ht, mmx, 3dnowpref, sse, sse2, sse3, ssse3, sse4a, sse4.1, sse4.2, popcnt, lzcnt, tsc, tscinvbit, avx, avx2, aes, erms, clmul, bmi1, bmi2, adx, sha, fma, vzeroupper, clflush, clflushopt, hv, rdtscp, rdpid, fsrm, f16c, cet_ss
Processor Information for the first 12 processors :
  Max Mhz: 3301, Current Mhz: 2011, Mhz Limit: 3301

Memory: 4k page, system-wide physical 7562M (370M free)
TotalPageFile size 31114M (AvailPageFile size 0M)
current process WorkingSet (physical memory assigned to process): 65M, peak: 65M
current process commit charge ("private bytes"): 239M, peak: 239M

vm_info: OpenJDK 64-Bit Server VM (21.0.8+9-LTS) for windows-amd64 JRE (21.0.8+9-LTS), built on 2025-07-15T00:00:00Z by "admin" with MS VC++ 17.7 (VS2022)

END.
